This is pdfTeX, Version 3.14159265-2.6-1.40.17 (TeX Live 2016) (preloaded format=pdflatex 2016.7.21)  9 JAN 2017 11:25
entering extended mode
 restricted \write18 enabled.
 %&-line parsing enabled.
**Dissertação.tex
(./Dissertação.tex
LaTeX2e <2016/03/31>
Babel <3.9r> and hyphenation patterns for 83 language(s) loaded.
(./abntex2ppgsi.cls
(/usr/local/texlive/2016/texmf-dist/tex/latex/anyfontsize/anyfontsize.sty
Package: anyfontsize 2007/11/22 anyfontsize.sty by pts
)
Document Class: abntex2ppgsi 2014/01/26 v1.9.2 abnTeX2
(/usr/local/texlive/2016/texmf-dist/tex/latex/base/ifthen.sty
Package: ifthen 2014/09/29 v1.1c Standard LaTeX ifthen package (DPC)
)
(/usr/local/texlive/2016/texmf-dist/tex/latex/memoir/memoir.cls
Document Class: memoir 2016/05/16 v3.7f configurable book, report, article docu
ment class
\onelineskip=\skip41
\lxvchars=\skip42
\xlvchars=\skip43
\@memcnta=\count79
\c@@memmarkcntra=\count80
(/usr/local/texlive/2016/texmf-dist/tex/generic/oberdiek/ifpdf.sty
Package: ifpdf 2016/05/14 v3.1 Provides the ifpdf switch
)
(/usr/local/texlive/2016/texmf-dist/tex/latex/ifetex/ifetex.sty
Package: ifetex 2011/12/15 v1.2 ifetex

(/usr/local/texlive/2016/texmf-dist/tex/plain/ifetex/ifetex.tex))
(/usr/local/texlive/2016/texmf-dist/tex/generic/ifxetex/ifxetex.sty
Package: ifxetex 2010/09/12 v0.6 Provides ifxetex conditional
)
(/usr/local/texlive/2016/texmf-dist/tex/generic/oberdiek/ifluatex.sty
Package: ifluatex 2016/05/16 v1.4 Provides the ifluatex switch (HO)
Package ifluatex Info: LuaTeX not detected.
)
\stockheight=\skip44
\stockwidth=\skip45
\trimtop=\skip46
\trimedge=\skip47

(/usr/local/texlive/2016/texmf-dist/tex/latex/memoir/mem12.clo
File: mem12.clo 2010/10/19 v0.4b memoir class 12pt size option
)
\binding=\skip48
\spinemargin=\skip49
\foremargin=\skip50
\uppermargin=\skip51
\lowermargin=\skip52
\headdrop=\skip53
\normalrulethickness=\skip54
\mem@maxheadheight=\skip55
\mem@maxfootheight=\skip56
\headwidth=\skip57
\c@storedpagenumber=\count81
\memPD=\dimen102
\m@mabparskip=\skip58
\thanksmarkwidth=\skip59
\thanksmarksep=\skip60
\droptitle=\skip61
\c@book=\count82
\c@part=\count83
\c@chapter=\count84
\c@section=\count85
\c@subsection=\count86
\c@subsubsection=\count87
\c@paragraph=\count88
\c@subparagraph=\count89
\beforechapskip=\skip62
\midchapskip=\skip63
\afterchapskip=\skip64
\chapindent=\skip65
\bottomsectionskip=\skip66
\secindent=\skip67
\beforesecskip=\skip68
\aftersecskip=\skip69
\subsecindent=\skip70
\beforesubsecskip=\skip71
\aftersubsecskip=\skip72
\subsubsecindent=\skip73
\beforesubsubsecskip=\skip74
\aftersubsubsecskip=\skip75
\paraindent=\skip76
\beforeparaskip=\skip77
\afterparaskip=\skip78
\subparaindent=\skip79
\beforesubparaskip=\skip80
\aftersubparaskip=\skip81
\pfbreakskip=\skip82
\c@@ppsavesec=\count90
\c@@ppsaveapp=\count91
\ragrparindent=\dimen103
\everylistparindent=\dimen104
\parsepi=\skip83
\topsepi=\skip84
\itemsepi=\skip85
\parsepii=\skip86
\topsepii=\skip87
\topsepiii=\skip88
\itemsepii=\skip89
\itemsepiii=\skip90
\partopsepii=\skip91
\partopsepiii=\skip92
\m@msavetopsep=\skip93
\m@msavepartopsep=\skip94
\@enLab=\toks14
\abstitleskip=\skip95
\absleftindent=\skip96
\abs@leftindent=\dimen105
\absrightindent=\skip97
\absparindent=\skip98
\absparsep=\skip99
\c@vslineno=\count92
\c@poemline=\count93
\c@modulo@vs=\count94
\c@memfvsline=\count95
\vleftskip=\skip100
\vrightskip=\skip101
\stanzaskip=\skip102
\versewidth=\skip103
\vgap=\skip104
\vindent=\skip105
\vleftmargin=\dimen106
\c@verse=\count96
\c@chrsinstr=\count97
\beforepoemtitleskip=\skip106
\afterpoemtitleskip=\skip107
\c@poem=\count98
\beforePoemTitleskip=\skip108
\midPoemTitleskip=\skip109
\afterPoemTitleskip=\skip110
\col@sep=\dimen107
\extrarowheight=\dimen108
\NC@list=\toks15
\extratabsurround=\skip111
\backup@length=\skip112
\TX@col@width=\dimen109
\TX@old@table=\dimen110
\TX@old@col=\dimen111
\TX@target=\dimen112
\TX@delta=\dimen113
\TX@cols=\count99
\TX@ftn=\toks16
\heavyrulewidth=\dimen114
\lightrulewidth=\dimen115
\cmidrulewidth=\dimen116
\belowrulesep=\dimen117
\belowbottomsep=\dimen118
\aboverulesep=\dimen119
\abovetopsep=\dimen120
\cmidrulesep=\dimen121
\cmidrulekern=\dimen122
\defaultaddspace=\dimen123
\@cmidla=\count100
\@cmidlb=\count101
\@aboverulesep=\dimen124
\@belowrulesep=\dimen125
\@thisruleclass=\count102
\@lastruleclass=\count103
\@thisrulewidth=\dimen126
\ctableftskip=\skip113
\ctabrightskip=\skip114
\abovecolumnspenalty=\count104
\@linestogo=\count105
\@cellstogo=\count106
\@cellsincolumn=\count107
\crtok=\toks17
\@mincolumnwidth=\dimen127
\c@newflo@tctr=\count108
\mem@margin@floatbox=\box26
\@contcwidth=\skip115
\@contindw=\skip116
\abovecaptionskip=\skip117
\belowcaptionskip=\skip118
\subfloattopskip=\skip119
\subfloatcapskip=\skip120
\subfloatcaptopadj=\skip121
\subfloatbottomskip=\skip122
\subfloatlabelskip=\skip123
\subfloatcapmargin=\dimen128
\c@@contsubnum=\count109
\m@mscap@capbox=\box27
\m@mscap@fbox=\box28
\sidecapsep=\dimen129
\sidecapwidth=\dimen130
\m@m@tempdima=\dimen131
\m@mscapraise=\dimen132
\sidecapraise=\dimen133
\m@mscapmainwidth=\dimen134
\m@mscaplkern=\dimen135
\beforeepigraphskip=\skip124
\afterepigraphskip=\skip125
\epigraphwidth=\skip126
\epigraphrule=\skip127
LaTeX Info: Redefining \em on input line 7551.
LaTeX Info: Redefining \emph on input line 7559.
\tocentryskip=\skip128
\tocbaseline=\skip129
\cftparskip=\skip130
\cftbeforebookskip=\skip131
\cftbookindent=\dimen136
\cftbooknumwidth=\dimen137
\cftbeforepartskip=\skip132
\cftpartindent=\skip133
\cftpartnumwidth=\skip134
\cftbeforechapterskip=\skip135
\cftchapterindent=\skip136
\cftchapternumwidth=\skip137
\cftbeforesectionskip=\skip138
\cftsectionindent=\skip139
\cftsectionnumwidth=\skip140
\cftbeforesubsectionskip=\skip141
\cftsubsectionindent=\skip142
\cftsubsectionnumwidth=\skip143
\cftbeforesubsubsectionskip=\skip144
\cftsubsubsectionindent=\skip145
\cftsubsubsectionnumwidth=\skip146
\cftbeforeparagraphskip=\skip147
\cftparagraphindent=\skip148
\cftparagraphnumwidth=\skip149
\cftbeforesubparagraphskip=\skip150
\cftsubparagraphindent=\skip151
\cftsubparagraphnumwidth=\skip152
\prechapterprecisshift=\dimen138
\c@maxsecnumdepth=\count110
\bibindent=\dimen139
\bibitemsep=\skip153
\indexcolsep=\skip154
\indexrule=\skip155
\indexmarkstyle=\toks18
\@indexbox=\insert199
\glossarycolsep=\dimen140
\glossaryrule=\dimen141
\sideparvshift=\skip156
\sideins=\insert198
\sidebartopsep=\skip157
\sidebarhsep=\skip158
\sidebarvsep=\skip159
\sidebarwidth=\skip160
\footmarkwidth=\skip161
\footmarksep=\skip162
\footparindent=\skip163
\footinsdim=\skip164
\footinsv@r=\insert197
\@mpfootinsv@r=\insert196
\m@m@k=\count111
\m@m@h=\dimen142
\m@mipn@skip=\skip165
\sidefootins=\insert195
\sidefootadjust=\skip166
\sidefootheight=\skip167
\sidefoothsep=\skip168
\sidefootvsep=\skip169
\sidefootwidth=\skip170
\m@mdownsf=\skip171
\c@sidefootnote=\count112
\sidefootmarkwidth=\skip172
\sidefootmarksep=\skip173
\sidefootparindent=\skip174
\c@pagenote=\count113
\c@pagenoteshadow=\count114
\mem@pn@lastkern=\skip175
\every@verbatim=\toks19
\afterevery@verbatim=\toks20
\verbatim@line=\toks21
\tab@position=\count115
\verbatim@in@stream=\read1
\verbatimindent=\skip176
\verbatim@out=\write3
\bvboxsep=\skip177
\c@memfbvline=\count116
\c@bvlinectr=\count117
\bvnumlength=\skip178
\fb@frw=\dimen143
\fb@frh=\dimen144
\FrameRule=\dimen145
\FrameSep=\dimen146
\c@cp@cntr=\count118
LaTeX Info: Redefining \: on input line 12068.
LaTeX Info: Redefining \! on input line 12070.
\c@ism@mctr=\count119
\c@xsm@mctr=\count120
\c@csm@mctr=\count121
\c@ksm@mctr=\count122
\c@xksm@mctr=\count123
\c@cksm@mctr=\count124
\c@msm@mctr=\count125
\c@xmsm@mctr=\count126
\c@cmsm@mctr=\count127
\c@bsm@mctr=\count128
\c@workm@mctr=\count129
\c@sheetsequence=\count130
\c@lastsheet=\count131
\c@lastpage=\count132
\c@figure=\count133
\c@lofdepth=\count134
\cftbeforefigureskip=\skip179
\cftfigureindent=\skip180
\cftfigurenumwidth=\skip181
\c@table=\count135
\c@lotdepth=\count136
\cftbeforetableskip=\skip182
\cfttableindent=\skip183
\cfttablenumwidth=\skip184
Package abstract [2008/07/23] emulated by memoir.
Package appendix [2008/07/23] emulated by memoir.
Package array [2008/09/09] emulated by memoir.
Package booktabs [2016/05/16] emulated by memoir.
Package ccaption [2008/07/23] emulated by memoir.
Package changepage [2008/07/23] emulated by memoir.
Package chngcntr [2008/07/23] emulated by memoir.
Package chngpage [2008/07/23] emulated by memoir.
Package crop emulated by memoir.
Package dcolumn [2008/07/23] emulated by memoir.
Package delarray [2008/07/23] emulated by memoir.
Package enumerate [2008/07/23] emulated by memoir.
Package epigraph [2008/07/23] emulated by memoir.
Package ifmtarg [2008/07/23] emulated by memoir.
Package index [2008/07/23] emulated by memoir.
Package makeidx [2008/07/23] emulated by memoir.
Package moreverb [2008/07/23] emulated by memoir.
Package mparhack [2008/07/23] emulated by memoir.
Package needspace [2008/07/23] emulated by memoir.
Package newfile [2008/07/23] emulated by memoir.
Package nextpage [2008/07/23] emulated by memoir.
Package pagenote [2008/07/23] emulated by memoir.
Package parskip [2008/07/23] emulated by memoir.
Package patchcmd [2008/07/23] emulated by memoir.
Package setspace [2008/07/23] emulated by memoir.
Package shortvrb [2008/07/23] emulated by memoir.
Package showidx [2008/07/23] emulated by memoir.
Package tabularx [2008/07/23] emulated by memoir.
Package titleref [2008/07/23] emulated by memoir.
Package titling [2008/07/23] emulated by memoir.
Package tocbibind [2008/07/23] emulated by memoir.
Package tocloft [2008/07/23] emulated by memoir.
Package tocvsec2 [2008/07/23] emulated by memoir.
Package verbatim [2008/07/23] emulated by memoir.
Package verse [2008/07/23] emulated by memoir.

(/usr/local/texlive/2016/texmf-dist/tex/latex/memoir/mempatch.sty
Package: mempatch 2009/07/24 v6.0f Patches for memoir class v1.6180339
))
(/usr/local/texlive/2016/texmf-dist/tex/latex/textcase/textcase.sty
Package: textcase 2004/10/07 v0.07 Text only upper/lower case changing (DPC)
LaTeX Info: Redefining \MakeTextUppercase on input line 47.
LaTeX Info: Redefining \MakeTextLowercase on input line 50.
)
(/usr/local/texlive/2016/texmf-dist/tex/latex/hyperref/hyperref.sty
Package: hyperref 2016/05/05 v6.83n Hypertext links for LaTeX

(/usr/local/texlive/2016/texmf-dist/tex/generic/oberdiek/hobsub-hyperref.sty
Package: hobsub-hyperref 2016/05/16 v1.14 Bundle oberdiek, subset hyperref (HO)


(/usr/local/texlive/2016/texmf-dist/tex/generic/oberdiek/hobsub-generic.sty
Package: hobsub-generic 2016/05/16 v1.14 Bundle oberdiek, subset generic (HO)
Package: hobsub 2016/05/16 v1.14 Construct package bundles (HO)
Package: infwarerr 2016/05/16 v1.4 Providing info/warning/error messages (HO)
Package: ltxcmds 2016/05/16 v1.23 LaTeX kernel commands for general use (HO)
Package hobsub Info: Skipping package `ifluatex' (already loaded).
Package: ifvtex 2016/05/16 v1.6 Detect VTeX and its facilities (HO)
Package ifvtex Info: VTeX not detected.
Package: intcalc 2016/05/16 v1.2 Expandable calculations with integers (HO)
Package hobsub Info: Skipping package `ifpdf' (already loaded).
Package: etexcmds 2016/05/16 v1.6 Avoid name clashes with e-TeX commands (HO)
Package etexcmds Info: Could not find \expanded.
(etexcmds)             That can mean that you are not using pdfTeX 1.50 or
(etexcmds)             that some package has redefined \expanded.
(etexcmds)             In the latter case, load this package earlier.
Package: kvsetkeys 2016/05/16 v1.17 Key value parser (HO)
Package: kvdefinekeys 2016/05/16 v1.4 Define keys (HO)
Package: pdftexcmds 2016/05/10 v0.21 Utility functions of pdfTeX for LuaTeX (HO
)
Package pdftexcmds Info: LuaTeX not detected.
Package pdftexcmds Info: \pdf@primitive is available.
Package pdftexcmds Info: \pdf@ifprimitive is available.
Package pdftexcmds Info: \pdfdraftmode found.
Package: pdfescape 2016/05/16 v1.14 Implements pdfTeX's escape features (HO)
Package: bigintcalc 2016/05/16 v1.4 Expandable calculations on big integers (HO
)
Package: bitset 2016/05/16 v1.2 Handle bit-vector datatype (HO)
Package: uniquecounter 2016/05/16 v1.3 Provide unlimited unique counter (HO)
)
Package hobsub Info: Skipping package `hobsub' (already loaded).
Package: letltxmacro 2016/05/16 v1.5 Let assignment for LaTeX macros (HO)
Package: hopatch 2016/05/16 v1.3 Wrapper for package hooks (HO)
Package: xcolor-patch 2016/05/16 xcolor patch
Package: atveryend 2016/05/16 v1.9 Hooks at the very end of document (HO)
Package atveryend Info: \enddocument detected (standard20110627).
Package: atbegshi 2016/05/16 v1.17 At begin shipout hook (HO)
Package: refcount 2016/05/16 v3.5 Data extraction from label references (HO)
Package: hycolor 2016/05/16 v1.8 Color options for hyperref/bookmark (HO)
)
(/usr/local/texlive/2016/texmf-dist/tex/latex/graphics/keyval.sty
Package: keyval 2014/10/28 v1.15 key=value parser (DPC)
\KV@toks@=\toks22
)
(/usr/local/texlive/2016/texmf-dist/tex/latex/oberdiek/auxhook.sty
Package: auxhook 2016/05/16 v1.4 Hooks for auxiliary files (HO)
)
(/usr/local/texlive/2016/texmf-dist/tex/latex/oberdiek/kvoptions.sty
Package: kvoptions 2016/05/16 v3.12 Key value format for package options (HO)
)
\@linkdim=\dimen147
\Hy@linkcounter=\count137
\Hy@pagecounter=\count138

(/usr/local/texlive/2016/texmf-dist/tex/latex/hyperref/pd1enc.def
File: pd1enc.def 2016/05/05 v6.83n Hyperref: PDFDocEncoding definition (HO)
)
\Hy@SavedSpaceFactor=\count139

(/usr/local/texlive/2016/texmf-dist/tex/latex/latexconfig/hyperref.cfg
File: hyperref.cfg 2002/06/06 v1.2 hyperref configuration of TeXLive
)
Package hyperref Info: Hyper figures OFF on input line 4446.
Package hyperref Info: Link nesting OFF on input line 4451.
Package hyperref Info: Hyper index ON on input line 4454.
Package hyperref Info: Plain pages OFF on input line 4461.
Package hyperref Info: Backreferencing OFF on input line 4466.
Package hyperref Info: Implicit mode ON; LaTeX internals redefined.
Package hyperref Info: Bookmarks ON on input line 4691.
\c@Hy@tempcnt=\count140

(/usr/local/texlive/2016/texmf-dist/tex/latex/url/url.sty
\Urlmuskip=\muskip10
Package: url 2013/09/16  ver 3.4  Verb mode for urls, etc.
)
LaTeX Info: Redefining \url on input line 5044.
\XeTeXLinkMargin=\dimen148
\Fld@menulength=\count141
\Field@Width=\dimen149
\Fld@charsize=\dimen150
Package hyperref Info: Hyper figures OFF on input line 6298.
Package hyperref Info: Link nesting OFF on input line 6303.
Package hyperref Info: Hyper index ON on input line 6306.
Package hyperref Info: backreferencing OFF on input line 6313.
Package hyperref Info: Link coloring OFF on input line 6318.
Package hyperref Info: Link coloring with OCG OFF on input line 6323.
Package hyperref Info: PDF/A mode OFF on input line 6328.
LaTeX Info: Redefining \ref on input line 6368.
LaTeX Info: Redefining \pageref on input line 6372.
\Hy@abspage=\count142
\c@Item=\count143
\c@Hfootnote=\count144
)
(/usr/local/texlive/2016/texmf-dist/tex/latex/memoir/memhfixc.sty
Package: memhfixc 2013/05/30 v1.17 nameref/hyperref package fixes for memoir cl
ass
\c@memhycontfloat=\count145
\c@Hpagenote=\count146
)

Package hyperref Message: Driver (autodetected): hpdftex.

(/usr/local/texlive/2016/texmf-dist/tex/latex/hyperref/hpdftex.def
File: hpdftex.def 2016/05/05 v6.83n Hyperref driver for pdfTeX
\Fld@listcount=\count147
\c@bookmark@seq@number=\count148

(/usr/local/texlive/2016/texmf-dist/tex/latex/oberdiek/rerunfilecheck.sty
Package: rerunfilecheck 2016/05/16 v1.8 Rerun checks for auxiliary files (HO)
Package uniquecounter Info: New unique counter `rerunfilecheck' on input line 2
82.
)
\Hy@SectionHShift=\skip185
)
(/usr/local/texlive/2016/texmf-dist/tex/latex/oberdiek/bookmark.sty
Package: bookmark 2016/05/16 v1.25 PDF bookmarks (HO)

(/usr/local/texlive/2016/texmf-dist/tex/latex/oberdiek/bkm-pdftex.def
File: bkm-pdftex.def 2016/05/16 v1.25 bookmark driver for pdfTeX (HO)
\BKM@id=\count149
))
(/usr/local/texlive/2016/texmf-dist/tex/generic/babel/babel.sty
Package: babel 2016/04/23 3.9r The Babel package

(/usr/local/texlive/2016/texmf-dist/tex/generic/babel-english/english.ldf
Language: english 2012/08/20 v3.3p English support from the babel system

(/usr/local/texlive/2016/texmf-dist/tex/generic/babel/babel.def
File: babel.def 2016/04/23 3.9r Babel common definitions
\babel@savecnt=\count150
\U@D=\dimen151
)
\l@canadian = a dialect from \language\l@american 
\l@australian = a dialect from \language\l@british 
\l@newzealand = a dialect from \language\l@british 
)
(/usr/local/texlive/2016/texmf-dist/tex/generic/babel-portuges/portuges.ldf
Language: portuges 2008/03/18 v1.2q Portuguese support from the babel system
\l@brazil = a dialect from \language\l@portuges 
Package babel Info: Making " an active character on input line 145.
))
(/usr/local/texlive/2016/texmf-dist/tex/latex/enumitem/enumitem.sty
Package: enumitem 2011/09/28 v3.5.2 Customized lists
\labelindent=\skip186
\enit@outerparindent=\dimen152
\enit@toks=\toks23
\enit@inbox=\box29
\enitdp@description=\count151
)
(/usr/local/texlive/2016/texmf-dist/tex/latex/tools/calc.sty
Package: calc 2014/10/28 v4.3 Infix arithmetic (KKT,FJ)
\calc@Acount=\count152
\calc@Bcount=\count153
\calc@Adimen=\dimen153
\calc@Bdimen=\dimen154
\calc@Askip=\skip187
\calc@Bskip=\skip188
LaTeX Info: Redefining \setlength on input line 80.
LaTeX Info: Redefining \addtolength on input line 81.
\calc@Ccount=\count154
\calc@Cskip=\skip189
)

******************************************************
Stock height and width: 845.04684pt by 597.50787pt
Top and edge trims: 0pt and 0pt
Page height and width: 845.04684pt by 597.50787pt
Text height and width: 708pt by 455pt
Spine and edge margins: 85.35826pt and 56.9055pt
Upper and lower margins: 85.35826pt and 51.68858pt
Headheight and headsep: 14.5pt and 19.8738pt
Footskip: 30pt
Columnsep and columnseprule: 10pt and 0pt
Marginparsep and marginparwidth: 7pt and 42.9055pt
Sidecapsep and sidecapwidth: 7pt and 42pt
Sidebarhsep and sidebarwidth: 7pt and 42pt
Sidebarvsep and sidebartopsep: 14.5pt and 0pt
Sidebarheight: 590.14995pt
Sidefoothsep and sidefootwidth: 7pt and 42pt
Sidefootvsep and sidefootheight: 14.5pt and 590.14995pt
******************************************************

\c@abntex@bookmarkcounter=\count155
\cftlastnumwidth=\skip190
\chapternamenumlength=\skip191
\ABNTEXcitacaorecuo=\skip192
\c@alineasi=\count156
\c@alineasii=\count157
\enitdp@alineas=\count158
\c@subalineasi=\count159
\enitdp@subalineas=\count160
\c@incisosi=\count161
\enitdp@incisos=\count162
\ABNTEXsignwidth=\skip193
\ABNTEXsignthickness=\skip194
\ABNTEXsignskip=\skip256
(/usr/local/texlive/2016/texmf-dist/tex/latex/algorithms/algorithm.sty
Package: algorithm 2009/08/24 v0.1 Document Style `algorithm' - floating enviro
nment

(/usr/local/texlive/2016/texmf-dist/tex/latex/float/float.sty
Package: float 2001/11/08 v1.3d Float enhancements (AL)
\c@float@type=\count163
\float@exts=\toks24
\float@box=\box30
\@float@everytoks=\toks25
\@floatcapt=\box31
)
\@float@every@algorithm=\toks26
\c@algorithm=\count164
))
(/usr/local/texlive/2016/texmf-dist/tex/latex/base/inputenc.sty
Package: inputenc 2015/03/17 v1.2c Input encoding file
\inpenc@prehook=\toks27
\inpenc@posthook=\toks28

(/usr/local/texlive/2016/texmf-dist/tex/latex/base/utf8.def
File: utf8.def 2016/02/28 v1.1s UTF-8 support for inputenc
Now handling font encoding OML ...
... no UTF-8 mapping file for font encoding OML
Now handling font encoding T1 ...
... processing UTF-8 mapping file for font encoding T1

(/usr/local/texlive/2016/texmf-dist/tex/latex/base/t1enc.dfu
File: t1enc.dfu 2016/02/28 v1.1s UTF-8 support for inputenc
   defining Unicode char U+00A0 (decimal 160)
   defining Unicode char U+00A1 (decimal 161)
   defining Unicode char U+00A3 (decimal 163)
   defining Unicode char U+00AB (decimal 171)
   defining Unicode char U+00AD (decimal 173)
   defining Unicode char U+00BB (decimal 187)
   defining Unicode char U+00BF (decimal 191)
   defining Unicode char U+00C0 (decimal 192)
   defining Unicode char U+00C1 (decimal 193)
   defining Unicode char U+00C2 (decimal 194)
   defining Unicode char U+00C3 (decimal 195)
   defining Unicode char U+00C4 (decimal 196)
   defining Unicode char U+00C5 (decimal 197)
   defining Unicode char U+00C6 (decimal 198)
   defining Unicode char U+00C7 (decimal 199)
   defining Unicode char U+00C8 (decimal 200)
   defining Unicode char U+00C9 (decimal 201)
   defining Unicode char U+00CA (decimal 202)
   defining Unicode char U+00CB (decimal 203)
   defining Unicode char U+00CC (decimal 204)
   defining Unicode char U+00CD (decimal 205)
   defining Unicode char U+00CE (decimal 206)
   defining Unicode char U+00CF (decimal 207)
   defining Unicode char U+00D0 (decimal 208)
   defining Unicode char U+00D1 (decimal 209)
   defining Unicode char U+00D2 (decimal 210)
   defining Unicode char U+00D3 (decimal 211)
   defining Unicode char U+00D4 (decimal 212)
   defining Unicode char U+00D5 (decimal 213)
   defining Unicode char U+00D6 (decimal 214)
   defining Unicode char U+00D8 (decimal 216)
   defining Unicode char U+00D9 (decimal 217)
   defining Unicode char U+00DA (decimal 218)
   defining Unicode char U+00DB (decimal 219)
   defining Unicode char U+00DC (decimal 220)
   defining Unicode char U+00DD (decimal 221)
   defining Unicode char U+00DE (decimal 222)
   defining Unicode char U+00DF (decimal 223)
   defining Unicode char U+00E0 (decimal 224)
   defining Unicode char U+00E1 (decimal 225)
   defining Unicode char U+00E2 (decimal 226)
   defining Unicode char U+00E3 (decimal 227)
   defining Unicode char U+00E4 (decimal 228)
   defining Unicode char U+00E5 (decimal 229)
   defining Unicode char U+00E6 (decimal 230)
   defining Unicode char U+00E7 (decimal 231)
   defining Unicode char U+00E8 (decimal 232)
   defining Unicode char U+00E9 (decimal 233)
   defining Unicode char U+00EA (decimal 234)
   defining Unicode char U+00EB (decimal 235)
   defining Unicode char U+00EC (decimal 236)
   defining Unicode char U+00ED (decimal 237)
   defining Unicode char U+00EE (decimal 238)
   defining Unicode char U+00EF (decimal 239)
   defining Unicode char U+00F0 (decimal 240)
   defining Unicode char U+00F1 (decimal 241)
   defining Unicode char U+00F2 (decimal 242)
   defining Unicode char U+00F3 (decimal 243)
   defining Unicode char U+00F4 (decimal 244)
   defining Unicode char U+00F5 (decimal 245)
   defining Unicode char U+00F6 (decimal 246)
   defining Unicode char U+00F8 (decimal 248)
   defining Unicode char U+00F9 (decimal 249)
   defining Unicode char U+00FA (decimal 250)
   defining Unicode char U+00FB (decimal 251)
   defining Unicode char U+00FC (decimal 252)
   defining Unicode char U+00FD (decimal 253)
   defining Unicode char U+00FE (decimal 254)
   defining Unicode char U+00FF (decimal 255)
   defining Unicode char U+0100 (decimal 256)
   defining Unicode char U+0101 (decimal 257)
   defining Unicode char U+0102 (decimal 258)
   defining Unicode char U+0103 (decimal 259)
   defining Unicode char U+0104 (decimal 260)
   defining Unicode char U+0105 (decimal 261)
   defining Unicode char U+0106 (decimal 262)
   defining Unicode char U+0107 (decimal 263)
   defining Unicode char U+0108 (decimal 264)
   defining Unicode char U+0109 (decimal 265)
   defining Unicode char U+010A (decimal 266)
   defining Unicode char U+010B (decimal 267)
   defining Unicode char U+010C (decimal 268)
   defining Unicode char U+010D (decimal 269)
   defining Unicode char U+010E (decimal 270)
   defining Unicode char U+010F (decimal 271)
   defining Unicode char U+0110 (decimal 272)
   defining Unicode char U+0111 (decimal 273)
   defining Unicode char U+0112 (decimal 274)
   defining Unicode char U+0113 (decimal 275)
   defining Unicode char U+0114 (decimal 276)
   defining Unicode char U+0115 (decimal 277)
   defining Unicode char U+0116 (decimal 278)
   defining Unicode char U+0117 (decimal 279)
   defining Unicode char U+0118 (decimal 280)
   defining Unicode char U+0119 (decimal 281)
   defining Unicode char U+011A (decimal 282)
   defining Unicode char U+011B (decimal 283)
   defining Unicode char U+011C (decimal 284)
   defining Unicode char U+011D (decimal 285)
   defining Unicode char U+011E (decimal 286)
   defining Unicode char U+011F (decimal 287)
   defining Unicode char U+0120 (decimal 288)
   defining Unicode char U+0121 (decimal 289)
   defining Unicode char U+0122 (decimal 290)
   defining Unicode char U+0123 (decimal 291)
   defining Unicode char U+0124 (decimal 292)
   defining Unicode char U+0125 (decimal 293)
   defining Unicode char U+0128 (decimal 296)
   defining Unicode char U+0129 (decimal 297)
   defining Unicode char U+012A (decimal 298)
   defining Unicode char U+012B (decimal 299)
   defining Unicode char U+012C (decimal 300)
   defining Unicode char U+012D (decimal 301)
   defining Unicode char U+012E (decimal 302)
   defining Unicode char U+012F (decimal 303)
   defining Unicode char U+0130 (decimal 304)
   defining Unicode char U+0131 (decimal 305)
   defining Unicode char U+0132 (decimal 306)
   defining Unicode char U+0133 (decimal 307)
   defining Unicode char U+0134 (decimal 308)
   defining Unicode char U+0135 (decimal 309)
   defining Unicode char U+0136 (decimal 310)
   defining Unicode char U+0137 (decimal 311)
   defining Unicode char U+0139 (decimal 313)
   defining Unicode char U+013A (decimal 314)
   defining Unicode char U+013B (decimal 315)
   defining Unicode char U+013C (decimal 316)
   defining Unicode char U+013D (decimal 317)
   defining Unicode char U+013E (decimal 318)
   defining Unicode char U+0141 (decimal 321)
   defining Unicode char U+0142 (decimal 322)
   defining Unicode char U+0143 (decimal 323)
   defining Unicode char U+0144 (decimal 324)
   defining Unicode char U+0145 (decimal 325)
   defining Unicode char U+0146 (decimal 326)
   defining Unicode char U+0147 (decimal 327)
   defining Unicode char U+0148 (decimal 328)
   defining Unicode char U+014A (decimal 330)
   defining Unicode char U+014B (decimal 331)
   defining Unicode char U+014C (decimal 332)
   defining Unicode char U+014D (decimal 333)
   defining Unicode char U+014E (decimal 334)
   defining Unicode char U+014F (decimal 335)
   defining Unicode char U+0150 (decimal 336)
   defining Unicode char U+0151 (decimal 337)
   defining Unicode char U+0152 (decimal 338)
   defining Unicode char U+0153 (decimal 339)
   defining Unicode char U+0154 (decimal 340)
   defining Unicode char U+0155 (decimal 341)
   defining Unicode char U+0156 (decimal 342)
   defining Unicode char U+0157 (decimal 343)
   defining Unicode char U+0158 (decimal 344)
   defining Unicode char U+0159 (decimal 345)
   defining Unicode char U+015A (decimal 346)
   defining Unicode char U+015B (decimal 347)
   defining Unicode char U+015C (decimal 348)
   defining Unicode char U+015D (decimal 349)
   defining Unicode char U+015E (decimal 350)
   defining Unicode char U+015F (decimal 351)
   defining Unicode char U+0160 (decimal 352)
   defining Unicode char U+0161 (decimal 353)
   defining Unicode char U+0162 (decimal 354)
   defining Unicode char U+0163 (decimal 355)
   defining Unicode char U+0164 (decimal 356)
   defining Unicode char U+0165 (decimal 357)
   defining Unicode char U+0168 (decimal 360)
   defining Unicode char U+0169 (decimal 361)
   defining Unicode char U+016A (decimal 362)
   defining Unicode char U+016B (decimal 363)
   defining Unicode char U+016C (decimal 364)
   defining Unicode char U+016D (decimal 365)
   defining Unicode char U+016E (decimal 366)
   defining Unicode char U+016F (decimal 367)
   defining Unicode char U+0170 (decimal 368)
   defining Unicode char U+0171 (decimal 369)
   defining Unicode char U+0172 (decimal 370)
   defining Unicode char U+0173 (decimal 371)
   defining Unicode char U+0174 (decimal 372)
   defining Unicode char U+0175 (decimal 373)
   defining Unicode char U+0176 (decimal 374)
   defining Unicode char U+0177 (decimal 375)
   defining Unicode char U+0178 (decimal 376)
   defining Unicode char U+0179 (decimal 377)
   defining Unicode char U+017A (decimal 378)
   defining Unicode char U+017B (decimal 379)
   defining Unicode char U+017C (decimal 380)
   defining Unicode char U+017D (decimal 381)
   defining Unicode char U+017E (decimal 382)
   defining Unicode char U+01CD (decimal 461)
   defining Unicode char U+01CE (decimal 462)
   defining Unicode char U+01CF (decimal 463)
   defining Unicode char U+01D0 (decimal 464)
   defining Unicode char U+01D1 (decimal 465)
   defining Unicode char U+01D2 (decimal 466)
   defining Unicode char U+01D3 (decimal 467)
   defining Unicode char U+01D4 (decimal 468)
   defining Unicode char U+01E2 (decimal 482)
   defining Unicode char U+01E3 (decimal 483)
   defining Unicode char U+01E6 (decimal 486)
   defining Unicode char U+01E7 (decimal 487)
   defining Unicode char U+01E8 (decimal 488)
   defining Unicode char U+01E9 (decimal 489)
   defining Unicode char U+01EA (decimal 490)
   defining Unicode char U+01EB (decimal 491)
   defining Unicode char U+01F0 (decimal 496)
   defining Unicode char U+01F4 (decimal 500)
   defining Unicode char U+01F5 (decimal 501)
   defining Unicode char U+0218 (decimal 536)
   defining Unicode char U+0219 (decimal 537)
   defining Unicode char U+021A (decimal 538)
   defining Unicode char U+021B (decimal 539)
   defining Unicode char U+1E02 (decimal 7682)
   defining Unicode char U+1E03 (decimal 7683)
   defining Unicode char U+200C (decimal 8204)
   defining Unicode char U+2010 (decimal 8208)
   defining Unicode char U+2011 (decimal 8209)
   defining Unicode char U+2012 (decimal 8210)
   defining Unicode char U+2013 (decimal 8211)
   defining Unicode char U+2014 (decimal 8212)
   defining Unicode char U+2015 (decimal 8213)
   defining Unicode char U+2018 (decimal 8216)
   defining Unicode char U+2019 (decimal 8217)
   defining Unicode char U+201A (decimal 8218)
   defining Unicode char U+201C (decimal 8220)
   defining Unicode char U+201D (decimal 8221)
   defining Unicode char U+201E (decimal 8222)
   defining Unicode char U+2030 (decimal 8240)
   defining Unicode char U+2031 (decimal 8241)
   defining Unicode char U+2039 (decimal 8249)
   defining Unicode char U+203A (decimal 8250)
   defining Unicode char U+2423 (decimal 9251)
)
Now handling font encoding OT1 ...
... processing UTF-8 mapping file for font encoding OT1

(/usr/local/texlive/2016/texmf-dist/tex/latex/base/ot1enc.dfu
File: ot1enc.dfu 2016/02/28 v1.1s UTF-8 support for inputenc
   defining Unicode char U+00A0 (decimal 160)
   defining Unicode char U+00A1 (decimal 161)
   defining Unicode char U+00A3 (decimal 163)
   defining Unicode char U+00AD (decimal 173)
   defining Unicode char U+00B8 (decimal 184)
   defining Unicode char U+00BF (decimal 191)
   defining Unicode char U+00C5 (decimal 197)
   defining Unicode char U+00C6 (decimal 198)
   defining Unicode char U+00D8 (decimal 216)
   defining Unicode char U+00DF (decimal 223)
   defining Unicode char U+00E6 (decimal 230)
   defining Unicode char U+00EC (decimal 236)
   defining Unicode char U+00ED (decimal 237)
   defining Unicode char U+00EE (decimal 238)
   defining Unicode char U+00EF (decimal 239)
   defining Unicode char U+00F8 (decimal 248)
   defining Unicode char U+0131 (decimal 305)
   defining Unicode char U+0141 (decimal 321)
   defining Unicode char U+0142 (decimal 322)
   defining Unicode char U+0152 (decimal 338)
   defining Unicode char U+0153 (decimal 339)
   defining Unicode char U+0174 (decimal 372)
   defining Unicode char U+0175 (decimal 373)
   defining Unicode char U+0176 (decimal 374)
   defining Unicode char U+0177 (decimal 375)
   defining Unicode char U+0218 (decimal 536)
   defining Unicode char U+0219 (decimal 537)
   defining Unicode char U+021A (decimal 538)
   defining Unicode char U+021B (decimal 539)
   defining Unicode char U+2013 (decimal 8211)
   defining Unicode char U+2014 (decimal 8212)
   defining Unicode char U+2018 (decimal 8216)
   defining Unicode char U+2019 (decimal 8217)
   defining Unicode char U+201C (decimal 8220)
   defining Unicode char U+201D (decimal 8221)
)
Now handling font encoding OMS ...
... processing UTF-8 mapping file for font encoding OMS

(/usr/local/texlive/2016/texmf-dist/tex/latex/base/omsenc.dfu
File: omsenc.dfu 2016/02/28 v1.1s UTF-8 support for inputenc
   defining Unicode char U+00A7 (decimal 167)
   defining Unicode char U+00B6 (decimal 182)
   defining Unicode char U+00B7 (decimal 183)
   defining Unicode char U+2020 (decimal 8224)
   defining Unicode char U+2021 (decimal 8225)
   defining Unicode char U+2022 (decimal 8226)
)
Now handling font encoding OMX ...
... no UTF-8 mapping file for font encoding OMX
Now handling font encoding U ...
... no UTF-8 mapping file for font encoding U
Now handling font encoding PD1 ...
... no UTF-8 mapping file for font encoding PD1
   defining Unicode char U+00A9 (decimal 169)
   defining Unicode char U+00AA (decimal 170)
   defining Unicode char U+00AE (decimal 174)
   defining Unicode char U+00BA (decimal 186)
   defining Unicode char U+02C6 (decimal 710)
   defining Unicode char U+02DC (decimal 732)
   defining Unicode char U+200C (decimal 8204)
   defining Unicode char U+2026 (decimal 8230)
   defining Unicode char U+2122 (decimal 8482)
   defining Unicode char U+2423 (decimal 9251)
))
(/usr/local/texlive/2016/texmf-dist/tex/latex/lastpage/lastpage.sty
Package: lastpage 2015/03/29 v1.2m Refers to last page's name (HMM; JPG)
)
(/usr/local/texlive/2016/texmf-dist/tex/latex/tools/indentfirst.sty
Package: indentfirst 1995/11/23 v1.03 Indent first paragraph (DPC)
)
(/usr/local/texlive/2016/texmf-dist/tex/latex/graphics/color.sty
Package: color 2016/05/09 v1.1c Standard LaTeX Color (DPC)

(/usr/local/texlive/2016/texmf-dist/tex/latex/graphics-cfg/color.cfg
File: color.cfg 2016/01/02 v1.6 sample color configuration
)
Package color Info: Driver file: pdftex.def on input line 144.

(/usr/local/texlive/2016/texmf-dist/tex/latex/pdftex-def/pdftex.def
File: pdftex.def 2011/05/27 v0.06d Graphics/color for pdfTeX
\Gread@gobject=\count165
))
(/usr/local/texlive/2016/texmf-dist/tex/latex/colortbl/colortbl.sty
Package: colortbl 2012/02/13 v1.0a Color table columns (DPC)
\everycr=\toks29
\minrowclearance=\skip257
)
(/usr/local/texlive/2016/texmf-dist/tex/latex/graphics/graphicx.sty
Package: graphicx 2014/10/28 v1.0g Enhanced LaTeX Graphics (DPC,SPQR)

(/usr/local/texlive/2016/texmf-dist/tex/latex/graphics/graphics.sty
Package: graphics 2016/05/09 v1.0r Standard LaTeX Graphics (DPC,SPQR)

(/usr/local/texlive/2016/texmf-dist/tex/latex/graphics/trig.sty
Package: trig 2016/01/03 v1.10 sin cos tan (DPC)
)
(/usr/local/texlive/2016/texmf-dist/tex/latex/graphics-cfg/graphics.cfg
File: graphics.cfg 2016/01/02 v1.10 sample graphics configuration
)
Package graphics Info: Driver file: pdftex.def on input line 96.
)
\Gin@req@height=\dimen155
\Gin@req@width=\dimen156
)
(/usr/local/texlive/2016/texmf-dist/tex/latex/caption/subcaption.sty
Package: subcaption 2016/02/20 v1.1-142 Sub-captions (AR)


Class memoir Warning: You are using the caption package with the memoir class. 
To prepare we will now reset all captioning macros and configurations to kernel
 defaults, and then let the caption package take over. Please remember to use
 the caption package interfaces in order to
 configure your captions.

(/usr/local/texlive/2016/texmf-dist/tex/latex/caption/caption.sty
Package: caption 2016/02/21 v3.3-144 Customizing captions (AR)

(/usr/local/texlive/2016/texmf-dist/tex/latex/caption/caption3.sty
Package: caption3 2016/02/04 v1.7-139 caption3 kernel (AR)
Package caption3 Info: TeX engine: e-TeX on input line 67.
\captionmargin=\dimen157
\captionmargin@=\dimen158
\captionwidth=\dimen159
\caption@tempdima=\dimen160
\caption@indent=\dimen161
\caption@parindent=\dimen162
\caption@hangindent=\dimen163
)
\c@ContinuedFloat=\count166
Package caption Info: float package is loaded.
Package caption Info: hyperref package is loaded.
)
\c@subfigure=\count167
\c@subtable=\count168
)
(/usr/local/texlive/2016/texmf-dist/tex/latex/microtype/microtype.sty
Package: microtype 2016/05/14 v2.6a Micro-typographical refinements (RS)
\MT@toks=\toks30
\MT@count=\count169
LaTeX Info: Redefining \textls on input line 774.
\MT@outer@kern=\dimen164
LaTeX Info: Redefining \textmicrotypecontext on input line 1310.
\MT@listname@count=\count170

(/usr/local/texlive/2016/texmf-dist/tex/latex/microtype/microtype-pdftex.def
File: microtype-pdftex.def 2016/05/14 v2.6a Definitions specific to pdftex (RS)

LaTeX Info: Redefining \lsstyle on input line 916.
LaTeX Info: Redefining \lslig on input line 916.
\MT@outer@space=\skip258
)
Package microtype Info: Loading configuration file microtype.cfg.

(/usr/local/texlive/2016/texmf-dist/tex/latex/microtype/microtype.cfg
File: microtype.cfg 2016/05/14 v2.6a microtype main configuration file (RS)
))
(/usr/local/texlive/2016/texmf-dist/tex/latex/pdfpages/pdfpages.sty
Package: pdfpages 2016/04/19 v0.5f Insert pages of external PDF documents (AM)

(/usr/local/texlive/2016/texmf-dist/tex/latex/eso-pic/eso-pic.sty
Package: eso-pic 2015/07/21 v2.0g eso-pic (RN)
)
\AM@pagewidth=\dimen165
\AM@pageheight=\dimen166

(/usr/local/texlive/2016/texmf-dist/tex/latex/pdfpages/pppdftex.def
File: pppdftex.def 2016/04/19 v0.5f Pdfpages driver for pdfTeX (AM)
)
\AM@pagebox=\box32
\AM@global@opts=\toks31
\AM@toc@title=\toks32
\c@AM@survey=\count171
\AM@templatesizebox=\box33
)
(/usr/local/texlive/2016/texmf-dist/tex/latex/mdwtools/mdwlist.sty
Package: mdwlist 1996/05/02 1.1 Various list-related things
)
(/usr/local/texlive/2016/texmf-dist/tex/latex/algorithmicx/algpseudocode.sty
Package: algpseudocode 

(/usr/local/texlive/2016/texmf-dist/tex/latex/algorithmicx/algorithmicx.sty
Package: algorithmicx 2005/04/27 v1.2 Algorithmicx

Document Style algorithmicx 1.2 - a greatly improved `algorithmic' style
\c@ALG@line=\count172
\c@ALG@rem=\count173
\c@ALG@nested=\count174
\ALG@tlm=\skip259
\ALG@thistlm=\skip260
\c@ALG@Lnr=\count175
\c@ALG@blocknr=\count176
\c@ALG@storecount=\count177
\c@ALG@tmpcounter=\count178
\ALG@tmplength=\skip261
)
Document Style - pseudocode environments for use with the `algorithmicx' style
) (/usr/local/texlive/2016/texmf-dist/tex/latex/tools/longtable.sty
Package: longtable 2014/10/28 v4.11 Multi-page Table package (DPC)
\LTleft=\skip262
\LTright=\skip263
\LTpre=\skip264
\LTpost=\skip265
\LTchunksize=\count179
\LTcapwidth=\dimen167
\LT@head=\box34
\LT@firsthead=\box35
\LT@foot=\box36
\LT@lastfoot=\box37
\LT@cols=\count180
\LT@rows=\count181
\c@LT@tables=\count182
\c@LT@chunks=\count183
\LT@p@ftn=\toks33
)
(/usr/local/texlive/2016/texmf-dist/tex/latex/multirow/multirow.sty
\bigstrutjot=\dimen168
)
(/usr/local/texlive/2016/texmf-dist/tex/latex/graphics/lscape.sty
Package: lscape 2000/10/22 v3.01 Landscape Pages (DPC)
)
(/usr/local/texlive/2016/texmf-dist/tex/latex/listings/listings.sty
\lst@mode=\count184
\lst@gtempboxa=\box38
\lst@token=\toks34
\lst@length=\count185
\lst@currlwidth=\dimen169
\lst@column=\count186
\lst@pos=\count187
\lst@lostspace=\dimen170
\lst@width=\dimen171
\lst@newlines=\count188
\lst@lineno=\count189
\lst@maxwidth=\dimen172

(/usr/local/texlive/2016/texmf-dist/tex/latex/listings/lstmisc.sty
File: lstmisc.sty 2015/06/04 1.6 (Carsten Heinz)
\c@lstnumber=\count190
\lst@skipnumbers=\count191
\lst@framebox=\box39
)
(/usr/local/texlive/2016/texmf-dist/tex/latex/listings/listings.cfg
File: listings.cfg 2015/06/04 1.6 listings configuration
))
Package: listings 2015/06/04 1.6 (Carsten Heinz)

(/usr/local/texlive/2016/texmf-dist/tex/latex/xcolor/xcolor.sty
Package: xcolor 2016/05/11 v2.12 LaTeX color extensions (UK)

(/usr/local/texlive/2016/texmf-dist/tex/latex/graphics-cfg/color.cfg
File: color.cfg 2016/01/02 v1.6 sample color configuration
)
Package xcolor Info: Driver file: pdftex.def on input line 225.
LaTeX Info: Redefining \color on input line 709.
Package xcolor Info: Model `cmy' substituted by `cmy0' on input line 1348.
Package xcolor Info: Model `hsb' substituted by `rgb' on input line 1352.
Package xcolor Info: Model `RGB' extended on input line 1364.
Package xcolor Info: Model `HTML' substituted by `rgb' on input line 1366.
Package xcolor Info: Model `Hsb' substituted by `hsb' on input line 1367.
Package xcolor Info: Model `tHsb' substituted by `hsb' on input line 1368.
Package xcolor Info: Model `HSB' substituted by `hsb' on input line 1369.
Package xcolor Info: Model `Gray' substituted by `gray' on input line 1370.
Package xcolor Info: Model `wave' substituted by `hsb' on input line 1371.
)
(/usr/local/texlive/2016/texmf-dist/tex/latex/mathtools/mathtools.sty
Package: mathtools 2015/11/12 v1.18 mathematical typesetting tools

(/usr/local/texlive/2016/texmf-dist/tex/latex/mathtools/mhsetup.sty
Package: mhsetup 2010/01/21 v1.2a programming setup (MH)
)
(/usr/local/texlive/2016/texmf-dist/tex/latex/amsmath/amsmath.sty
Package: amsmath 2016/03/10 v2.15b AMS math features
\@mathmargin=\skip266

For additional information on amsmath, use the `?' option.
(/usr/local/texlive/2016/texmf-dist/tex/latex/amsmath/amstext.sty
Package: amstext 2000/06/29 v2.01 AMS text

(/usr/local/texlive/2016/texmf-dist/tex/latex/amsmath/amsgen.sty
File: amsgen.sty 1999/11/30 v2.0 generic functions
\@emptytoks=\toks35
\ex@=\dimen173
))
(/usr/local/texlive/2016/texmf-dist/tex/latex/amsmath/amsbsy.sty
Package: amsbsy 1999/11/29 v1.2d Bold Symbols
\pmbraise@=\dimen174
)
(/usr/local/texlive/2016/texmf-dist/tex/latex/amsmath/amsopn.sty
Package: amsopn 2016/03/08 v2.02 operator names
)
\inf@bad=\count192
LaTeX Info: Redefining \frac on input line 199.
\uproot@=\count193
\leftroot@=\count194
LaTeX Info: Redefining \overline on input line 297.
\classnum@=\count266
\DOTSCASE@=\count267
LaTeX Info: Redefining \ldots on input line 394.
LaTeX Info: Redefining \dots on input line 397.
LaTeX Info: Redefining \cdots on input line 518.
\Mathstrutbox@=\box40
\strutbox@=\box41
\big@size=\dimen175
LaTeX Font Info:    Redeclaring font encoding OML on input line 634.
LaTeX Font Info:    Redeclaring font encoding OMS on input line 635.
\macc@depth=\count268
\c@MaxMatrixCols=\count269
\dotsspace@=\muskip11
\c@parentequation=\count270
\dspbrk@lvl=\count271
\tag@help=\toks36
\row@=\count272
\column@=\count273
\maxfields@=\count274
\andhelp@=\toks37
\eqnshift@=\dimen176
\alignsep@=\dimen177
\tagshift@=\dimen178
\tagwidth@=\dimen179
\totwidth@=\dimen180
\lineht@=\dimen181
\@envbody=\toks38
\multlinegap=\skip267
\multlinetaggap=\skip268
\mathdisplay@stack=\toks39
LaTeX Info: Redefining \[ on input line 2739.
LaTeX Info: Redefining \] on input line 2740.
)
LaTeX Info: Thecontrolsequence`\('isalreadyrobust on input line 129.
LaTeX Info: Thecontrolsequence`\)'isalreadyrobust on input line 129.
LaTeX Info: Thecontrolsequence`\['isalreadyrobust on input line 129.
LaTeX Info: Thecontrolsequence`\]'isalreadyrobust on input line 129.
\g_MT_multlinerow_int=\count275
\l_MT_multwidth_dim=\dimen182
\origjot=\skip269
\l_MT_shortvdotswithinadjustabove_dim=\dimen183
\l_MT_shortvdotswithinadjustbelow_dim=\dimen184
\l_MT_above_intertext_sep=\dimen185
\l_MT_below_intertext_sep=\dimen186
\l_MT_above_shortintertext_sep=\dimen187
\l_MT_below_shortintertext_sep=\dimen188
)
(/usr/local/texlive/2016/texmf-dist/tex/latex/listings/lstlang1.sty
File: lstlang1.sty 2015/06/04 1.6 listings language file
)
(/usr/local/texlive/2016/texmf-dist/tex/latex/listings/lstlang1.sty
File: lstlang1.sty 2015/06/04 1.6 listings language file
)
(/usr/local/texlive/2016/texmf-dist/tex/latex/lipsum/lipsum.sty
Package: lipsum 2014/07/27 v1.3 150 paragraphs of Lorem Ipsum dummy text
\c@lips@count=\count276
)
(/usr/local/texlive/2016/texmf-dist/tex/latex/hyperref/backref.sty
Package: backref 2012/07/25 v1.38 Bibliographical back referencing
)
(/usr/local/texlive/2016/texmf-dist/tex/latex/abntex2/abntex2cite.sty
Package: abntex2cite 2016/02/26 v-1.9.6 abnTeX2

(/usr/local/texlive/2016/texmf-dist/tex/latex/abntex2/abntex2abrev.sty)
\minimumbiblabelwidth=\skip270
\ABCIauxlen=\skip271
\c@ABCIaux=\count277
\c@ABCImax=\count278

(/usr/local/texlive/2016/texmf-dist/tex/latex/relsize/relsize.sty
Package: relsize 2013/03/29 ver 4.1
)
\biblabelsep=\skip272
LaTeX Info: Redefining \newblock on input line 591.
LaTeX Info: Redefining \cite on input line 618.
\ABCItoken=\toks40
)

Package hyperref Warning: Token not allowed in a PDF string (PDFDocEncoding):
(hyperref)                removing `\uppercase' on input line 262.


Package hyperref Warning: Token not allowed in a PDF string (PDFDocEncoding):
(hyperref)                removing `\newline' on input line 262.


Package hyperref Warning: Token not allowed in a PDF string (PDFDocEncoding):
(hyperref)                removing `\newline' on input line 262.


Package hyperref Warning: Token not allowed in a PDF string (PDFDocEncoding):
(hyperref)                removing `\newline' on input line 262.


Package hyperref Warning: Token not allowed in a PDF string (PDFDocEncoding):
(hyperref)                removing `\newline' on input line 262.


Package hyperref Warning: Token not allowed in a PDF string (PDFDocEncoding):
(hyperref)                removing `\newline' on input line 262.

Package hyperref Info: Option `colorlinks' set `true' on input line 262.
\Dissertação@idxfile=\write4
\openout4 = `Dissertação.idx'.

Writing index file Dissertação.idx 
(./Dissertação.aux)
\openout1 = `Dissertação.aux'.

LaTeX Font Info:    Checking defaults for OML/cmm/m/it on input line 291.
LaTeX Font Info:    ... okay on input line 291.
LaTeX Font Info:    Checking defaults for T1/cmr/m/n on input line 291.
LaTeX Font Info:    ... okay on input line 291.
LaTeX Font Info:    Checking defaults for OT1/cmr/m/n on input line 291.
LaTeX Font Info:    ... okay on input line 291.
LaTeX Font Info:    Checking defaults for OMS/cmsy/m/n on input line 291.
LaTeX Font Info:    ... okay on input line 291.
LaTeX Font Info:    Checking defaults for OMX/cmex/m/n on input line 291.
LaTeX Font Info:    ... okay on input line 291.
LaTeX Font Info:    Checking defaults for U/cmr/m/n on input line 291.
LaTeX Font Info:    ... okay on input line 291.
LaTeX Font Info:    Checking defaults for PD1/pdf/m/n on input line 291.
LaTeX Font Info:    ... okay on input line 291.
\AtBeginShipoutBox=\box42
Package hyperref Info: Link coloring ON on input line 291.

(/usr/local/texlive/2016/texmf-dist/tex/latex/hyperref/nameref.sty
Package: nameref 2012/10/27 v2.43 Cross-referencing by name of section

(/usr/local/texlive/2016/texmf-dist/tex/generic/oberdiek/gettitlestring.sty
Package: gettitlestring 2016/05/16 v1.5 Cleanup title references (HO)
)
\c@section@level=\count279
)
Redoing nameref's sectioning
Redoing nameref's label
LaTeX Info: Redefining \nameref on input line 291.
LaTeX Info: Redefining \ref on input line 291.
LaTeX Info: Redefining \pageref on input line 291.
LaTeX Info: Redefining \nameref on input line 291.
\myptabbox=\box43
\myptabboxwidth=\skip273
Package lastpage Info: Please have a look at the pageslts package at
(lastpage)             https://www.ctan.org/pkg/pageslts
(lastpage)             ! on input line 291.
(/usr/local/texlive/2016/texmf-dist/tex/context/base/mkii/supp-pdf.mkii
[Loading MPS to PDF converter (version 2006.09.02).]
\scratchcounter=\count280
\scratchdimen=\dimen189
\scratchbox=\box44
\nofMPsegments=\count281
\nofMParguments=\count282
\everyMPshowfont=\toks41
\MPscratchCnt=\count283
\MPscratchDim=\dimen190
\MPnumerator=\count284
\makeMPintoPDFobject=\count285
\everyMPtoPDFconversion=\toks42
) (/usr/local/texlive/2016/texmf-dist/tex/latex/oberdiek/epstopdf-base.sty
Package: epstopdf-base 2016/05/15 v2.6 Base part for package epstopdf

(/usr/local/texlive/2016/texmf-dist/tex/latex/oberdiek/grfext.sty
Package: grfext 2016/05/16 v1.2 Manage graphics extensions (HO)
)
Package grfext Info: Graphics extension search list:
(grfext)             [.png,.pdf,.jpg,.mps,.jpeg,.jbig2,.jb2,.PNG,.PDF,.JPG,.JPE
G,.JBIG2,.JB2,.eps]
(grfext)             \AppendGraphicsExtensions on input line 456.

(/usr/local/texlive/2016/texmf-dist/tex/latex/latexconfig/epstopdf-sys.cfg
File: epstopdf-sys.cfg 2010/07/13 v1.3 Configuration of (r)epstopdf for TeX Liv
e
))
Package caption Info: Begin \AtBeginDocument code.
Package caption Info: listings package is loaded.
Package caption Info: longtable package is loaded.

(/usr/local/texlive/2016/texmf-dist/tex/latex/caption/ltcaption.sty
Package: ltcaption 2013/06/09 v1.4-94 longtable captions (AR)
)
Package caption Info: End \AtBeginDocument code.
LaTeX Info: Redefining \microtypecontext on input line 291.
Package microtype Info: Generating PDF output.
Package microtype Info: Character protrusion enabled (level 2).
Package microtype Info: Using default protrusion set `alltext'.
Package microtype Info: Automatic font expansion enabled (level 2),
(microtype)             stretch: 20, shrink: 20, step: 1, non-selected.
Package microtype Info: Using default expansion set `basictext'.
Package microtype Info: No adjustment of tracking.
Package microtype Info: No adjustment of interword spacing.
Package microtype Info: No adjustment of character kerning.

(/usr/local/texlive/2016/texmf-dist/tex/latex/microtype/mt-cmr.cfg
File: mt-cmr.cfg 2013/05/19 v2.2 microtype config. file: Computer Modern Roman 
(RS)
)
(/usr/local/texlive/2016/texmf-dist/tex/latex/oberdiek/pdflscape.sty
Package: pdflscape 2016/05/14 v0.11 Display of landscape pages in PDF (HO)
Package pdflscape Info: Auto-detected driver: pdftex on input line 81.
)
\c@lstlisting=\count286

<images/ufs_logo.png, id=4, 72.27pt x 106.89937pt>
File: images/ufs_logo.png Graphic file (type png)
 <use images/ufs_logo.png>
Package pdftex.def Info: images/ufs_logo.png used on input line 315.
(pdftex.def)             Requested size: 52.69598pt x 75.28085pt.

[1

{/usr/local/texlive/2016/texmf-var/fonts/map/pdftex/updmap/pdftex.map} <./image
s/ufs_logo.png>]
Underfull \hbox (badness 10000) in paragraph at lines 324--324

 []


Underfull \hbox (badness 10000) in paragraph at lines 324--324

 []


Underfull \hbox (badness 5359) in paragraph at lines 324--324
\OT1/cmr/m/n/12 (+20) Disserta^^Xc~ao apre-sen-tada ^^Ra Pr^^So-Reitoria
 []


Underfull \hbox (badness 10000) in paragraph at lines 324--324

 []


Underfull \hbox (badness 2961) in paragraph at lines 324--324
[]\OT1/cmr/m/n/12 (+20) Area de con-cen-tra^^Xc~ao: Re-des de Com-
 []

pdfTeX warning (ext4): destination with the same identifier (name{page.1}) has 
been already used, duplicate ignored
<to be read again> 
                   \relax 
l.324 
       [1



] [2

] [3

] [4

] (./Dissertação.lof

Package hyperref Warning: Suppressing empty link on input line 9.


Package hyperref Warning: Suppressing empty link on input line 10.


Package hyperref Warning: Suppressing empty link on input line 11.


Package hyperref Warning: Suppressing empty link on input line 12.

[5

]) [6] (./Dissertação.loa) [7


] (./Dissertação.lot) [8

] [9


]
(./Dissertação.toc [10

] [11]) [12]
<images/transito2.jpeg, id=386, 485.815pt x 481.8pt>
File: images/transito2.jpeg Graphic file (type jpg)

<use images/transito2.jpeg>
Package pdftex.def Info: images/transito2.jpeg used on input line 703.
(pdftex.def)             Requested size: 318.49861pt x 315.86433pt.
 [13


] [14 <./images/transito2.jpeg>] [15]
LaTeX Font Info:    Try loading font information for OMS+cmr on input line 740.


(/usr/local/texlive/2016/texmf-dist/tex/latex/base/omscmr.fd
File: omscmr.fd 2014/09/29 v2.5h Standard LaTeX font definitions
)
LaTeX Font Info:    Font shape `OMS/cmr/m/n' in size <12> not available
(Font)              Font shape `OMS/cmsy/m/n' tried instead on input line 740.


Package hyperref Warning: Suppressing empty link on input line 754.

[16] <images/vcn.png, id=477, 623.32875pt x 303.1325pt>
File: images/vcn.png Graphic file (type png)
 <use images/vcn.png>
Package pdftex.def Info: images/vcn.png used on input line 770.
(pdftex.def)             Requested size: 318.49861pt x 154.89156pt.

[17] [18 <./images/vcn.png>] [19] [20] [21]
<images/camadas_wsn.jpg, id=519, 81.80965pt x 41.62752pt>
File: images/camadas_wsn.jpg Graphic file (type jpg)

<use images/camadas_wsn.jpg>
Package pdftex.def Info: images/camadas_wsn.jpg used on input line 857.
(pdftex.def)             Requested size: 364.00139pt x 185.27995pt.
 [22

] [23 <./images/camadas_wsn.jpg>] [24] [25]
[26] [27

] [28] [29] [30] [31]
<images/estrutura_comunicacao.png, id=652, 640.3925pt x 445.665pt>
File: images/estrutura_comunicacao.png Graphic file (type png)

<use images/estrutura_comunicacao.png>
Package pdftex.def Info: images/estrutura_comunicacao.png used on input line 10
07.
(pdftex.def)             Requested size: 364.00139pt x 253.31766pt.
 [32 <./images/estrutura_comunicacao.png>] <images/etapas_ws.png, id=667, 422.5
7875pt x 470.75874pt>
File: images/etapas_ws.png Graphic file (type png)

<use images/etapas_ws.png>
Package pdftex.def Info: images/etapas_ws.png used on input line 1023.
(pdftex.def)             Requested size: 204.32498pt x 227.62204pt.
 [33 <./images/etapas_ws.png>]
<images/wss_https.png, id=681, 403.5075pt x 294.09875pt>
File: images/wss_https.png Graphic file (type png)

<use images/wss_https.png>
Package pdftex.def Info: images/wss_https.png used on input line 1041.
(pdftex.def)             Requested size: 195.18987pt x 142.26378pt.
 [34 <./images/wss_https.png>]
<images/tipos_arquiteturas_vanets.png, id=698, 1083.04625pt x 451.6875pt>
File: images/tipos_arquiteturas_vanets.png Graphic file (type png)

<use images/tipos_arquiteturas_vanets.png>
Package pdftex.def Info: images/tipos_arquiteturas_vanets.png used on input lin
e 1062.
(pdftex.def)             Requested size: 364.00139pt x 151.80731pt.
 [35

] [36 <./images/tipos_arquiteturas_vanets.png>]

Package hyperref Warning: Suppressing empty link on input line 1100.


Package hyperref Warning: Suppressing empty link on input line 1102.

[37] <images/ataqueddos.png, id=739, 433.62pt x 245.91875pt>
File: images/ataqueddos.png Graphic file (type png)

<use images/ataqueddos.png>
Package pdftex.def Info: images/ataqueddos.png used on input line 1112.
(pdftex.def)             Requested size: 341.43306pt x 193.64702pt.


Package hyperref Warning: Suppressing empty link on input line 1113.


Package hyperref Warning: Suppressing empty link on input line 1113.

<images/ataqueburaconegro.png, id=745, 410.53375pt x 204.765pt>
File: images/ataqueburaconegro.png Graphic file (type png)

<use images/ataqueburaconegro.png>
Package pdftex.def Info: images/ataqueburaconegro.png used on input line 1123.
(pdftex.def)             Requested size: 341.43306pt x 170.29858pt.


Package hyperref Warning: Suppressing empty link on input line 1124.


Package hyperref Warning: Suppressing empty link on input line 1124.


LaTeX Warning: `!h' float specifier changed to `!ht'.

[38 <./images/ataqueddos.png>] [39 <./images/ataqueburaconegro.png>]
<images/ataquesocial.png, id=777, 411.5375pt x 160.6pt>
File: images/ataquesocial.png Graphic file (type png)

<use images/ataquesocial.png>
Package pdftex.def Info: images/ataquesocial.png used on input line 1154.
(pdftex.def)             Requested size: 341.43306pt x 133.2416pt.


Package hyperref Warning: Suppressing empty link on input line 1155.


Package hyperref Warning: Suppressing empty link on input line 1155.

<images/ataquemainmiddle.png, id=783, 409.53pt x 166.6225pt>
File: images/ataquemainmiddle.png Graphic file (type png)

<use images/ataquemainmiddle.png>
Package pdftex.def Info: images/ataquemainmiddle.png used on input line 1163.
(pdftex.def)             Requested size: 341.43306pt x 138.9246pt.


Package hyperref Warning: Suppressing empty link on input line 1164.


Package hyperref Warning: Suppressing empty link on input line 1164.


LaTeX Warning: `!h' float specifier changed to `!ht'.

[40 <./images/ataquesocial.png>]

Package hyperref Warning: Suppressing empty link on input line 1186.


Package hyperref Warning: Suppressing empty link on input line 1188.

[41 <./images/ataquemainmiddle.png>]

Package hyperref Warning: Suppressing empty link on input line 1194.

[42] [43] [44] [45]
Overfull \hbox (1.54297pt too wide) in paragraph at lines 1252--1253
[]\OT1/cmr/m/n/12 (-20) O pro-to-colo de \OT1/cmr/m/it/12 (-20) Ge-o-cast \OT1/
cmr/m/n/12 (-20) (\OT1/cmr/m/it/12 (-20) Ge-o-cast Rou-ting\OT1/cmr/m/n/12 (-20
) ) leva em con-si-dera^^Xc~ao a posi^^Xc~ao/localiza^^Xc~ao,
 []

[46]
Underfull \hbox (badness 6995) in paragraph at lines 1265--1265
[]|\OT1/cmr/m/n/12 (+20) Informa^^Xc~ao So-bre
 []


Underfull \hbox (badness 10000) in paragraph at lines 1265--1265
[]|\OT1/cmr/m/n/12 (+20) Estrutura
 []


Underfull \hbox (badness 10000) in paragraph at lines 1271--1271
[]|\OT1/cmr/m/n/12 (+20) Encaminhamento
 []


Underfull \hbox (badness 10000) in paragraph at lines 1272--1272
[]|\OT1/cmr/m/n/12 (+20) Encaminhamento
 []


Underfull \hbox (badness 10000) in paragraph at lines 1273--1273
[]|\OT1/cmr/m/n/12 (+20) Encaminhamento
 []


Underfull \hbox (badness 10000) in paragraph at lines 1274--1274
[]|\OT1/cmr/m/n/12 (+20) Encaminhamento
 []


Underfull \hbox (badness 10000) in paragraph at lines 1276--1276
[]|\OT1/cmr/m/n/12 (+20) Encaminhamento
 []


Overfull \hbox (12.48547pt too wide) in paragraph at lines 1278--1278
[]|\OT1/cmr/m/n/12 (-20) BROADCOMM| 
 []


Underfull \hbox (badness 10000) in paragraph at lines 1279--1279
[]|\OT1/cmr/m/n/12 (+20) Msg. Diss.
 []


Underfull \hbox (badness 10000) in paragraph at lines 1279--1279
[]|\OT1/cmr/m/n/12 (+20) Encaminhamento
 []


Underfull \hbox (badness 10000) in paragraph at lines 1280--1280
[]|\OT1/cmr/m/n/12 (+20) Encaminhamento
 []


Underfull \hbox (badness 10000) in paragraph at lines 1281--1281
[]|\OT1/cmr/m/n/12 (+20) Encaminhamento
 []


Underfull \vbox (badness 10000) detected at line 1285
 []

[47] <images/vanet_qian.png, id=909, 529.98pt x 323.2075pt>
File: images/vanet_qian.png Graphic file (type png)

<use images/vanet_qian.png>
Package pdftex.def Info: images/vanet_qian.png used on input line 1297.
(pdftex.def)             Requested size: 341.43416pt x 199.16844pt.


LaTeX Warning: `!h' float specifier changed to `!ht'.

[48] [49 <./images/vanet_qian.png>]
<images/modulos.png, id=925, 512.66531pt x 319.1925pt>
File: images/modulos.png Graphic file (type png)

<use images/modulos.png>
Package pdftex.def Info: images/modulos.png used on input line 1319.
(pdftex.def)             Requested size: 341.43443pt x 199.16849pt.
 [50

 <./images/modulos.png>] [51]
<images/agentemoveis_virtuais.png, id=936, 300.3722pt x 271.76532pt>
File: images/agentemoveis_virtuais.png Graphic file (type png)

<use images/agentemoveis_virtuais.png>
Package pdftex.def Info: images/agentemoveis_virtuais.png used on input line 13
87.
(pdftex.def)             Requested size: 341.46077pt x 227.63025pt.


LaTeX Warning: `!h' float specifier changed to `!ht'.

[52]
Overfull \hbox (5.78236pt too wide) in paragraph at lines 1397--1398
[]\OT1/cmr/bx/n/12 Enviar Men-sa-gem \OT1/cmr/m/n/12 (-20) (SEND[]BROADCAST[]CO
DE): en-via men-sa-gens para os ve^^S^^Pculos
 []

[53 <./images/agentemoveis_virtuais.png>] [54]
<images/dominios.png, id=951, 416.55624pt x 466.74374pt>
File: images/dominios.png Graphic file (type png)

<use images/dominios.png>
Package pdftex.def Info: images/dominios.png used on input line 1433.
(pdftex.def)             Requested size: 256.0884pt x 284.53522pt.
 [55 <./images/dominios.png>]
Underfull \vbox (badness 10000) detected at line 1462
 []


Underfull \vbox (badness 10000) detected at line 1477
 []

[56] <images/servidores.png, id=967, 547.2947pt x 313.9228pt>
File: images/servidores.png Graphic file (type png)

<use images/servidores.png>
Package pdftex.def Info: images/servidores.png used on input line 1483.
(pdftex.def)             Requested size: 341.44035pt x 199.1663pt.
 [57 <./images/servidores.png>]
Overfull \hbox (19.92717pt too wide) in paragraph at lines 1508--1509
[]\OT1/cmr/m/n/12 (-20) A cada trans-miss~ao de um ve^^S^^Pculo, atrav^^Ses da 
opera^^Xc~ao \OT1/cmr/bx/n/12 MO-VI-MEN-TA-TION[]CODE\OT1/cmr/m/n/12 (-20) ,
 []

[58] <images/BPMCriptofrafado.png, id=985, 1984.41376pt x 635.37375pt>
File: images/BPMCriptofrafado.png Graphic file (type png)

<use images/BPMCriptofrafado.png>
Package pdftex.def Info: images/BPMCriptofrafado.png used on input line 1526.
(pdftex.def)             Requested size: 455.0pt x 145.67722pt.

<images/BPM.png, id=986, 1731.46875pt x 623.32875pt>
File: images/BPM.png Graphic file (type png)
 <use images/BPM.png>
Package pdftex.def Info: images/BPM.png used on input line 1533.
(pdftex.def)             Requested size: 409.49722pt x 147.41437pt.


LaTeX Warning: `!h' float specifier changed to `!ht'.

[59 <./images/BPMCriptofrafado.png>] [60 <./images/BPM.png>] [61

]
Underfull \hbox (badness 1874) in paragraph at lines 1586--1586
[]|\OT1/cmr/m/n/12 (+20) Alcance: 300m, alta
 []


Underfull \hbox (badness 10000) in paragraph at lines 1588--1588
[]|\OT1/cmr/m/n/12 (+20) Posicionamento pre-
 []


Underfull \hbox (badness 5316) in paragraph at lines 1588--1588
\OT1/cmr/m/n/12 (+20) ciso em um mapa
 []


Underfull \hbox (badness 1237) in paragraph at lines 1590--1590
[]|\OT1/cmr/m/n/12 (+20) Alcance 50m, pri-o-ri-
 []


Underfull \hbox (badness 2088) in paragraph at lines 1591--1591
[]|\OT1/cmr/m/n/12 (+20) Gerenciamento de Cru-za-
 []


Underfull \hbox (badness 1565) in paragraph at lines 1592--1592
[]|\OT1/cmr/m/n/12 (+20) Acesso a in-ter-net e
 []


Underfull \hbox (badness 10000) in paragraph at lines 1593--1593
[]|\OT1/cmr/m/n/12 (+20) Assit^encia para dire^^Xc~ao
 []

[62] <images/AmbienteTeste.png, id=1022, 1698.345pt x 825.0825pt>
File: images/AmbienteTeste.png Graphic file (type png)

<use images/AmbienteTeste.png>
Package pdftex.def Info: images/AmbienteTeste.png used on input line 1630.
(pdftex.def)             Requested size: 455.0pt x 221.03787pt.
 [63 <./images/AmbienteTeste.png>]
<images/taxi_mapa.png, id=1031, 873.2625pt x 596.2275pt>
File: images/taxi_mapa.png Graphic file (type png)

<use images/taxi_mapa.png>
Package pdftex.def Info: images/taxi_mapa.png used on input line 1641.
(pdftex.def)             Requested size: 455.0pt x 310.65872pt.

Underfull \vbox (badness 10000) detected at line 1661
 []

[64 <./images/taxi_mapa.png>] [65]
Package hyperref Info: bookmark level for unknown lstlisting defaults to 0 on i
nput line 1663.
Package microtype Info: Loading generic settings for font family
(microtype)             `cmtt' (encoding: OT1).
(microtype)             For optimal results, create family-specific settings.
(microtype)             See the microtype manual for details.


Package xcolor Warning: Incompatible color definition on input line 1664.


Package xcolor Warning: Incompatible color definition on input line 1664.


Package xcolor Warning: Incompatible color definition on input line 1664.


Package xcolor Warning: Incompatible color definition on input line 1664.


Package xcolor Warning: Incompatible color definition on input line 1664.


Package xcolor Warning: Incompatible color definition on input line 1664.


Package xcolor Warning: Incompatible color definition on input line 1664.


Package xcolor Warning: Incompatible color definition on input line 1666.

LaTeX Font Info:    Font shape `OT1/cmtt/bx/n' in size <10.95> not available
(Font)              Font shape `OT1/cmtt/m/n' tried instead on input line 1666.


Package xcolor Warning: Incompatible color definition on input line 1667.


Package xcolor Warning: Incompatible color definition on input line 1669.


Package xcolor Warning: Incompatible color definition on input line 1669.


Package xcolor Warning: Incompatible color definition on input line 1669.


Package xcolor Warning: Incompatible color definition on input line 1669.


Package xcolor Warning: Incompatible color definition on input line 1669.


Package xcolor Warning: Incompatible color definition on input line 1669.


Package xcolor Warning: Incompatible color definition on input line 1669.


Package xcolor Warning: Incompatible color definition on input line 1669.


Package xcolor Warning: Incompatible color definition on input line 1669.


Package xcolor Warning: Incompatible color definition on input line 1669.


Package xcolor Warning: Incompatible color definition on input line 1669.


Package xcolor Warning: Incompatible color definition on input line 1669.


Package xcolor Warning: Incompatible color definition on input line 1669.


Package xcolor Warning: Incompatible color definition on input line 1669.


Package xcolor Warning: Incompatible color definition on input line 1669.


Package xcolor Warning: Incompatible color definition on input line 1669.


Package xcolor Warning: Incompatible color definition on input line 1669.


Package xcolor Warning: Incompatible color definition on input line 1670.


Package xcolor Warning: Incompatible color definition on input line 1670.


Package xcolor Warning: Incompatible color definition on input line 1670.


Package xcolor Warning: Incompatible color definition on input line 1673.


Package xcolor Warning: Incompatible color definition on input line 1676.


Package xcolor Warning: Incompatible color definition on input line 1676.


Package xcolor Warning: Incompatible color definition on input line 1677.


Package xcolor Warning: Incompatible color definition on input line 1681.


Package xcolor Warning: Incompatible color definition on input line 1682.


Package xcolor Warning: Incompatible color definition on input line 1687.


Package xcolor Warning: Incompatible color definition on input line 1687.


Package xcolor Warning: Incompatible color definition on input line 1687.


Package xcolor Warning: Incompatible color definition on input line 1687.


Package xcolor Warning: Incompatible color definition on input line 1687.


Package xcolor Warning: Incompatible color definition on input line 1687.


Package xcolor Warning: Incompatible color definition on input line 1687.


Package xcolor Warning: Incompatible color definition on input line 1687.


Package xcolor Warning: Incompatible color definition on input line 1687.


Package xcolor Warning: Incompatible color definition on input line 1687.


Package xcolor Warning: Incompatible color definition on input line 1687.


Package xcolor Warning: Incompatible color definition on input line 1687.


Package xcolor Warning: Incompatible color definition on input line 1687.


Package xcolor Warning: Incompatible color definition on input line 1687.


Package xcolor Warning: Incompatible color definition on input line 1687.


Package xcolor Warning: Incompatible color definition on input line 1687.


Package xcolor Warning: Incompatible color definition on input line 1687.


Package xcolor Warning: Incompatible color definition on input line 1687.


Package xcolor Warning: Incompatible color definition on input line 1687.


Package xcolor Warning: Incompatible color definition on input line 1687.


Package xcolor Warning: Incompatible color definition on input line 1687.


Package xcolor Warning: Incompatible color definition on input line 1688.


Package xcolor Warning: Incompatible color definition on input line 1688.


Package xcolor Warning: Incompatible color definition on input line 1689.


Package xcolor Warning: Incompatible color definition on input line 1689.


Package xcolor Warning: Incompatible color definition on input line 1690.


Package xcolor Warning: Incompatible color definition on input line 1692.

[66]
Overfull \hbox (11.0802pt too wide) in paragraph at lines 1709--1712
[]\OT1/cmr/m/n/12 (-20) ****** Por ^^Sultimo foi exe-cu-tado o teste de stress 
sem o li-mite de banda - 800/10s=>80/s
 []


Overfull \hbox (27.25552pt too wide) in alignment at lines 1717--1732
 [] [] [] [] [] 
 []


Underfull \vbox (badness 10000) detected at line 1732
 []


Underfull \vbox (badness 10000) detected at line 1762
 []

[67]

LaTeX Warning: `!h' float specifier changed to `!ht'.

[68] <images/hist_media2g50.jpg, id=1094, 481.8pt x 481.8pt>
File: images/hist_media2g50.jpg Graphic file (type jpg)

<use images/hist_media2g50.jpg>
Package pdftex.def Info: images/hist_media2g50.jpg used on input line 1844.
(pdftex.def)             Requested size: 142.26208pt x 142.26208pt.

<images/hist_media3g50.jpg, id=1095, 481.8pt x 481.8pt>
File: images/hist_media3g50.jpg Graphic file (type jpg)

<use images/hist_media3g50.jpg>
Package pdftex.def Info: images/hist_media3g50.jpg used on input line 1849.
(pdftex.def)             Requested size: 142.26208pt x 142.26208pt.

<images/hist_media4g50.jpg, id=1096, 481.8pt x 481.8pt>
File: images/hist_media4g50.jpg Graphic file (type jpg)

<use images/hist_media4g50.jpg>
Package pdftex.def Info: images/hist_media4g50.jpg used on input line 1855.
(pdftex.def)             Requested size: 142.26208pt x 142.26208pt.

<images/hist_media5g50.jpg, id=1097, 481.8pt x 481.8pt>
File: images/hist_media5g50.jpg Graphic file (type jpg)

<use images/hist_media5g50.jpg>
Package pdftex.def Info: images/hist_media5g50.jpg used on input line 1860.
(pdftex.def)             Requested size: 142.26208pt x 142.26208pt.
 [69]
<images/hist_media2g100.jpg, id=1103, 481.8pt x 481.8pt>
File: images/hist_media2g100.jpg Graphic file (type jpg)

<use images/hist_media2g100.jpg>
Package pdftex.def Info: images/hist_media2g100.jpg used on input line 1874.
(pdftex.def)             Requested size: 142.26208pt x 142.26208pt.

<images/hist_media3g100.jpg, id=1104, 481.8pt x 481.8pt>
File: images/hist_media3g100.jpg Graphic file (type jpg)

<use images/hist_media3g100.jpg>
Package pdftex.def Info: images/hist_media3g100.jpg used on input line 1879.
(pdftex.def)             Requested size: 142.26208pt x 142.26208pt.

<images/hist_media4g100.jpg, id=1105, 481.8pt x 481.8pt>
File: images/hist_media4g100.jpg Graphic file (type jpg)

<use images/hist_media4g100.jpg>
Package pdftex.def Info: images/hist_media4g100.jpg used on input line 1885.
(pdftex.def)             Requested size: 142.26208pt x 142.26208pt.

<images/hist_media5g100.jpg, id=1106, 481.8pt x 481.8pt>
File: images/hist_media5g100.jpg Graphic file (type jpg)

<use images/hist_media5g100.jpg>
Package pdftex.def Info: images/hist_media5g100.jpg used on input line 1890.
(pdftex.def)             Requested size: 142.26208pt x 142.26208pt.

<images/hist_media2g200.jpg, id=1108, 481.8pt x 481.8pt>
File: images/hist_media2g200.jpg Graphic file (type jpg)

<use images/hist_media2g200.jpg>
Package pdftex.def Info: images/hist_media2g200.jpg used on input line 1903.
(pdftex.def)             Requested size: 142.26208pt x 142.26208pt.

<images/hist_media3g200.jpg, id=1109, 481.8pt x 481.8pt>
File: images/hist_media3g200.jpg Graphic file (type jpg)

<use images/hist_media3g200.jpg>
Package pdftex.def Info: images/hist_media3g200.jpg used on input line 1908.
(pdftex.def)             Requested size: 142.26208pt x 142.26208pt.

<images/hist_media4g200.jpg, id=1110, 481.8pt x 481.8pt>
File: images/hist_media4g200.jpg Graphic file (type jpg)

<use images/hist_media4g200.jpg>
Package pdftex.def Info: images/hist_media4g200.jpg used on input line 1914.
(pdftex.def)             Requested size: 142.26208pt x 142.26208pt.

<images/hist_media5g200.jpg, id=1111, 481.8pt x 481.8pt>
File: images/hist_media5g200.jpg Graphic file (type jpg)

<use images/hist_media5g200.jpg>
Package pdftex.def Info: images/hist_media5g200.jpg used on input line 1919.
(pdftex.def)             Requested size: 142.26208pt x 142.26208pt.

<images/hist_media2g400.jpg, id=1113, 481.8pt x 481.8pt>
File: images/hist_media2g400.jpg Graphic file (type jpg)

<use images/hist_media2g400.jpg>
Package pdftex.def Info: images/hist_media2g400.jpg used on input line 1932.
(pdftex.def)             Requested size: 142.26208pt x 142.26208pt.

<images/hist_media3g400.jpg, id=1114, 481.8pt x 481.8pt>
File: images/hist_media3g400.jpg Graphic file (type jpg)

<use images/hist_media3g400.jpg>
Package pdftex.def Info: images/hist_media3g400.jpg used on input line 1937.
(pdftex.def)             Requested size: 142.26208pt x 142.26208pt.

<images/hist_media4g400.jpg, id=1115, 481.8pt x 481.8pt>
File: images/hist_media4g400.jpg Graphic file (type jpg)

<use images/hist_media4g400.jpg>
Package pdftex.def Info: images/hist_media4g400.jpg used on input line 1943.
(pdftex.def)             Requested size: 142.26208pt x 142.26208pt.

<images/hist_media5g400.jpg, id=1116, 481.8pt x 481.8pt>
File: images/hist_media5g400.jpg Graphic file (type jpg)

<use images/hist_media5g400.jpg>
Package pdftex.def Info: images/hist_media5g400.jpg used on input line 1948.
(pdftex.def)             Requested size: 142.26208pt x 142.26208pt.

<images/hist_sec_media2g200.jpg, id=1117, 481.8pt x 481.8pt>
File: images/hist_sec_media2g200.jpg Graphic file (type jpg)

<use images/hist_sec_media2g200.jpg>
Package pdftex.def Info: images/hist_sec_media2g200.jpg used on input line 1960
.
(pdftex.def)             Requested size: 142.26208pt x 142.26208pt.

<images/hist_sec_media3g200.jpg, id=1118, 481.8pt x 481.8pt>
File: images/hist_sec_media3g200.jpg Graphic file (type jpg)

<use images/hist_sec_media3g200.jpg>
Package pdftex.def Info: images/hist_sec_media3g200.jpg used on input line 1965
.
(pdftex.def)             Requested size: 142.26208pt x 142.26208pt.

<images/hist_sec_media4g200.jpg, id=1119, 481.8pt x 481.8pt>
File: images/hist_sec_media4g200.jpg Graphic file (type jpg)

<use images/hist_sec_media4g200.jpg>
Package pdftex.def Info: images/hist_sec_media4g200.jpg used on input line 1971
.
(pdftex.def)             Requested size: 142.26208pt x 142.26208pt.

<images/hist_sec_media5g200.jpg, id=1120, 481.8pt x 481.8pt>
File: images/hist_sec_media5g200.jpg Graphic file (type jpg)

<use images/hist_sec_media5g200.jpg>
Package pdftex.def Info: images/hist_sec_media5g200.jpg used on input line 1976
.
(pdftex.def)             Requested size: 142.26208pt x 142.26208pt.
File: images/hist_sec_media2g200.jpg Graphic file (type jpg)
 <use images/hist_sec_media2g200.jpg>
Package pdftex.def Info: images/hist_sec_media2g200.jpg used on input line 1987
.
(pdftex.def)             Requested size: 142.26208pt x 142.26208pt.
File: images/hist_sec_media3g200.jpg Graphic file (type jpg)

<use images/hist_sec_media3g200.jpg>
Package pdftex.def Info: images/hist_sec_media3g200.jpg used on input line 1992
.
(pdftex.def)             Requested size: 142.26208pt x 142.26208pt.
File: images/hist_sec_media4g200.jpg Graphic file (type jpg)
 <use images/hist_sec_media4g200.jpg>
Package pdftex.def Info: images/hist_sec_media4g200.jpg used on input line 1998
.
(pdftex.def)             Requested size: 142.26208pt x 142.26208pt.
File: images/hist_sec_media5g200.jpg Graphic file (type jpg)

<use images/hist_sec_media5g200.jpg>
Package pdftex.def Info: images/hist_sec_media5g200.jpg used on input line 2003
.
(pdftex.def)             Requested size: 142.26208pt x 142.26208pt.
File: images/hist_sec_media2g200.jpg Graphic file (type jpg)
 <use images/hist_sec_media2g200.jpg>
Package pdftex.def Info: images/hist_sec_media2g200.jpg used on input line 2014
.
(pdftex.def)             Requested size: 142.26208pt x 142.26208pt.
File: images/hist_sec_media3g200.jpg Graphic file (type jpg)

<use images/hist_sec_media3g200.jpg>
Package pdftex.def Info: images/hist_sec_media3g200.jpg used on input line 2019
.
(pdftex.def)             Requested size: 142.26208pt x 142.26208pt.
File: images/hist_sec_media4g200.jpg Graphic file (type jpg)
 <use images/hist_sec_media4g200.jpg>
Package pdftex.def Info: images/hist_sec_media4g200.jpg used on input line 2025
.
(pdftex.def)             Requested size: 142.26208pt x 142.26208pt.
File: images/hist_sec_media5g200.jpg Graphic file (type jpg)

<use images/hist_sec_media5g200.jpg>
Package pdftex.def Info: images/hist_sec_media5g200.jpg used on input line 2030
.
(pdftex.def)             Requested size: 142.26208pt x 142.26208pt.
File: images/hist_sec_media2g200.jpg Graphic file (type jpg)
 <use images/hist_sec_media2g200.jpg>
Package pdftex.def Info: images/hist_sec_media2g200.jpg used on input line 2041
.
(pdftex.def)             Requested size: 142.26208pt x 142.26208pt.

<images/hist_sec_media3g400.jpg, id=1121, 481.8pt x 481.8pt>
File: images/hist_sec_media3g400.jpg Graphic file (type jpg)

<use images/hist_sec_media3g400.jpg>
Package pdftex.def Info: images/hist_sec_media3g400.jpg used on input line 2046
.
(pdftex.def)             Requested size: 142.26208pt x 142.26208pt.

<images/hist_sec_media4g400.jpg, id=1122, 481.8pt x 481.8pt>
File: images/hist_sec_media4g400.jpg Graphic file (type jpg)

<use images/hist_sec_media4g400.jpg>
Package pdftex.def Info: images/hist_sec_media4g400.jpg used on input line 2052
.
(pdftex.def)             Requested size: 142.26208pt x 142.26208pt.

<images/hist_sec_media5g400.jpg, id=1123, 481.8pt x 481.8pt>
File: images/hist_sec_media5g400.jpg Graphic file (type jpg)

<use images/hist_sec_media5g400.jpg>
Package pdftex.def Info: images/hist_sec_media5g400.jpg used on input line 2057
.
(pdftex.def)             Requested size: 142.26208pt x 142.26208pt.
 [70 <./images/hist_media2g50.jpg> <./images/hist_media3g50.jpg> <./images/hist
_media4g50.jpg> <./images/hist_media5g50.jpg>] <images/grafico_tempo_min.png, i
d=1133, 377.19868pt x 283.37448pt>
File: images/grafico_tempo_min.png Graphic file (type png)

<use images/grafico_tempo_min.png>
Package pdftex.def Info: images/grafico_tempo_min.png used on input line 2102.
(pdftex.def)             Requested size: 318.49861pt x 239.27823pt.

<images/grafico_tempo_medio.png, id=1134, 381.00237pt x 256.11473pt>
File: images/grafico_tempo_medio.png Graphic file (type png)

<use images/grafico_tempo_medio.png>
Package pdftex.def Info: images/grafico_tempo_medio.png used on input line 2109
.
(pdftex.def)             Requested size: 318.49861pt x 214.09927pt.

<images/grafico_tempo_max.png, id=1135, 380.36842pt x 256.11473pt>
File: images/grafico_tempo_max.png Graphic file (type png)

<use images/grafico_tempo_max.png>
Package pdftex.def Info: images/grafico_tempo_max.png used on input line 2116.
(pdftex.def)             Requested size: 318.49861pt x 214.46663pt.

<images/bp_sec_media2g50.jpg, id=1137, 481.8pt x 481.8pt>
File: images/bp_sec_media2g50.jpg Graphic file (type jpg)

<use images/bp_sec_media2g50.jpg>
Package pdftex.def Info: images/bp_sec_media2g50.jpg used on input line 2129.
(pdftex.def)             Requested size: 142.26208pt x 142.26208pt.

<images/bp_sec_media2g200.jpg, id=1138, 481.8pt x 481.8pt>
File: images/bp_sec_media2g200.jpg Graphic file (type jpg)

<use images/bp_sec_media2g200.jpg>
Package pdftex.def Info: images/bp_sec_media2g200.jpg used on input line 2134.
(pdftex.def)             Requested size: 142.26208pt x 142.26208pt.
File: images/bp_sec_media2g200.jpg Graphic file (type jpg)
 <use images/bp_sec_media2g200.jpg>
Package pdftex.def Info: images/bp_sec_media2g200.jpg used on input line 2140.
(pdftex.def)             Requested size: 142.26208pt x 142.26208pt.

<images/bp_sec_media2g400.jpg, id=1139, 481.8pt x 481.8pt>
File: images/bp_sec_media2g400.jpg Graphic file (type jpg)

<use images/bp_sec_media2g400.jpg>
Package pdftex.def Info: images/bp_sec_media2g400.jpg used on input line 2145.
(pdftex.def)             Requested size: 142.26208pt x 142.26208pt.


LaTeX Warning: `!h' float specifier changed to `!ht'.

[71 <./images/hist_media2g100.jpg> <./images/hist_media3g100.jpg> <./images/his
t_media4g100.jpg> <./images/hist_media5g100.jpg>] [72 <./images/hist_media2g200
.jpg> <./images/hist_media3g200.jpg> <./images/hist_media4g200.jpg> <./images/h
ist_media5g200.jpg>] [73 <./images/hist_media2g400.jpg> <./images/hist_media3g4
00.jpg> <./images/hist_media4g400.jpg> <./images/hist_media5g400.jpg> <./images
/hist_sec_media2g200.jpg> <./images/hist_sec_media3g200.jpg> <./images/hist_sec
_media4g200.jpg> <./images/hist_sec_media5g200.jpg>] [74] [75 <./images/hist_se
c_media3g400.jpg> <./images/hist_sec_media4g400.jpg> <./images/hist_sec_media5g
400.jpg> <./images/grafico_tempo_min.png (PNG copy)>] [76 <./images/grafico_tem
po_medio.png (PNG copy)> <./images/grafico_tempo_max.png (PNG copy)>] [77 <./im
ages/bp_sec_media2g50.jpg> <./images/bp_sec_media2g200.jpg> <./images/bp_sec_me
dia2g400.jpg>] [78

] (./Dissertação.bbl (./Dissertação.brf)
\tf@brf=\write5
\openout5 = `Dissertação.brf'.

 [79]
bibitemlist
[80

] [81] [82] [83] [84]) 
AED: lastpage setting LastPage
[85]
\tf@lof=\write6
\openout6 = `Dissertação.lof'.

\tf@loa=\write7
\openout7 = `Dissertação.loa'.

\tf@lot=\write8
\openout8 = `Dissertação.lot'.

\tf@toc=\write9
\openout9 = `Dissertação.toc'.

Package atveryend Info: Empty hook `BeforeClearDocument' on input line 2239.
Package atveryend Info: Empty hook `AfterLastShipout' on input line 2239.
 (./Dissertação.aux)
Package atveryend Info: Executing hook `AtVeryEndDocument' on input line 2239.
Package atveryend Info: Executing hook `AtEndAfterFileList' on input line 2239.

Package rerunfilecheck Info: File `Dissertação.brf' has not changed.
(rerunfilecheck)             Checksum: 05A40CD137FA64B86414A9B9D87ADB7D;9111.


LaTeX Warning: Label(s) may have changed. Rerun to get cross-references right.

Package atveryend Info: Empty hook `AtVeryVeryEnd' on input line 2239.
 ) 
Here is how much of TeX's memory you used:
 19982 strings out of 493014
 305315 string characters out of 6133351
 679056 words of memory out of 5000000
 22711 multiletter control sequences out of 15000+600000
 18344 words of font info for 125 fonts, out of 8000000 for 9000
 1141 hyphenation exceptions out of 8191
 45i,13n,53p,1290b,1281s stack positions out of 5000i,500n,10000p,200000b,80000s
</usr/local/texlive/2016/texmf-dist/fonts/type1/public/amsfonts/cm/cmbx12.pfb
></usr/local/texlive/2016/texmf-dist/fonts/type1/public/amsfonts/cm/cmbx8.pfb><
/usr/local/texlive/2016/texmf-dist/fonts/type1/public/amsfonts/cm/cmbxti10.pfb>
</usr/local/texlive/2016/texmf-dist/fonts/type1/public/amsfonts/cm/cmr10.pfb></
usr/local/texlive/2016/texmf-dist/fonts/type1/public/amsfonts/cm/cmr12.pfb></us
r/local/texlive/2016/texmf-dist/fonts/type1/public/amsfonts/cm/cmr8.pfb></usr/l
ocal/texlive/2016/texmf-dist/fonts/type1/public/amsfonts/cm/cmsy10.pfb></usr/lo
cal/texlive/2016/texmf-dist/fonts/type1/public/amsfonts/cm/cmsy6.pfb></usr/loca
l/texlive/2016/texmf-dist/fonts/type1/public/amsfonts/cm/cmti12.pfb></usr/local
/texlive/2016/texmf-dist/fonts/type1/public/amsfonts/cm/cmti8.pfb></usr/local/t
exlive/2016/texmf-dist/fonts/type1/public/amsfonts/cm/cmtt10.pfb>
Output written on Dissertação.pdf (86 pages, 2512550 bytes).
PDF statistics:
 1694 PDF objects out of 1728 (max. 8388607)
 1491 compressed objects within 15 object streams
 336 named destinations out of 1000 (max. 500000)
 17275 words of extra memory for PDF output out of 17280 (max. 10000000)

